<?xml version="1.0" encoding="UTF-8"?>
<!-- Generated by org.testng.reporters.JUnitReportReporter -->
<testsuite hostname="DESKTOP-36M0LGC" name="Firefoxlaunch" tests="1" failures="0" timestamp="4 Mar 2017 03:31:08 GMT" time="8.240" errors="0">
  <testcase name="test1" time="8.240" classname="Firefoxlaunch"/>
</testsuite> <!-- Firefoxlaunch -->
